[15.08.23|06:27:47] Folder: "/db" FOUND
[15.08.23|06:27:47] DATABASE: "users.db" FOUND
[15.08.23|06:27:47] TABLE: "Users" FOUND
[15.08.23|06:27:47] DATABASE: "posts.db" FOUND
[15.08.23|06:27:47] TABLE: "Posts" FOUND
[15.08.23|06:27:47] DATABASE: "comments.db" FOUND
[15.08.23|06:27:47] TABLE: "Comments" FOUND
[15.08.23|06:28:12] Folder: "/db" FOUND
[15.08.23|06:28:12] DATABASE: "users.db" FOUND
[15.08.23|06:28:12] TABLE: "Users" FOUND
[15.08.23|06:28:12] DATABASE: "posts.db" FOUND
[15.08.23|06:28:12] TABLE: "Posts" FOUND
[15.08.23|06:28:12] DATABASE: "comments.db" FOUND
[15.08.23|06:28:12] TABLE: "Comments" FOUND
[15.08.23|06:29:45] Folder: "/db" FOUND
[15.08.23|06:29:45] DATABASE: "users.db" FOUND
[15.08.23|06:29:45] TABLE: "Users" FOUND
[15.08.23|06:29:45] DATABASE: "posts.db" FOUND
[15.08.23|06:29:45] TABLE: "Posts" FOUND
[15.08.23|06:29:45] DATABASE: "comments.db" FOUND
[15.08.23|06:29:45] TABLE: "Comments" FOUND
[15.08.23|06:30:37] USER: "polkamonster" ADDED TO DATABASE
[15.08.23|06:30:49] 1 POINTS ADDED TO "polkamonster"
[15.08.23|06:30:49] USER: "polkamonster" LOGGED IN
[15.08.23|06:30:55] USER: "polkamonster" FOUND
[15.08.23|06:30:55] USER: "polkamonster"s PAGE LOADED
[15.08.23|06:31:10] USER: "polkamonster" FOUND
[15.08.23|06:31:10] USER: "polkamonster"s PAGE LOADED
[15.08.23|06:36:40] Folder: "/db" NOT FOUND
[15.08.23|06:36:40] Folder: "/db" CREATED
[15.08.23|06:36:40] DATABASE: "users.db" NOT FOUND
[15.08.23|06:36:40] DATABASE: "users.db" CREATED
[15.08.23|06:36:40] TABLE: "Users" NOT FOUND
[15.08.23|06:36:40] TABLE: "Users" CREATED
[15.08.23|06:36:40] DATABASE: "posts.db" NOT FOUND
[15.08.23|06:36:40] DATABASE: "posts.db" CREATED
[15.08.23|06:36:40] TABLE: "Posts" NOT FOUND
[15.08.23|06:36:40] TABLE: "Posts" CREATED
[15.08.23|06:36:40] DATABASE: "comments.db" NOT FOUND
[15.08.23|06:36:40] DATABASE: "comments.db" CREATED
[15.08.23|06:36:40] TABLE: "Comments" NOT FOUND
[15.08.23|06:36:40] TABLE: "Comments" CREATED
[15.08.23|06:37:02] Folder: "/db" FOUND
[15.08.23|06:37:02] DATABASE: "users.db" FOUND
[15.08.23|06:37:02] TABLE: "Users" FOUND
[15.08.23|06:37:02] DATABASE: "posts.db" FOUND
[15.08.23|06:37:02] TABLE: "Posts" FOUND
[15.08.23|06:37:02] DATABASE: "comments.db" FOUND
[15.08.23|06:37:02] TABLE: "Comments" FOUND
[15.08.23|06:37:08] Folder: "/db" FOUND
[15.08.23|06:37:08] DATABASE: "users.db" FOUND
[15.08.23|06:37:08] TABLE: "Users" FOUND
[15.08.23|06:37:08] DATABASE: "posts.db" FOUND
[15.08.23|06:37:08] TABLE: "Posts" FOUND
[15.08.23|06:37:08] DATABASE: "comments.db" FOUND
[15.08.23|06:37:08] TABLE: "Comments" FOUND
[15.08.23|06:37:14] Folder: "/db" FOUND
[15.08.23|06:37:14] DATABASE: "users.db" FOUND
[15.08.23|06:37:14] TABLE: "Users" FOUND
[15.08.23|06:37:14] DATABASE: "posts.db" FOUND
[15.08.23|06:37:14] TABLE: "Posts" FOUND
[15.08.23|06:37:14] DATABASE: "comments.db" FOUND
[15.08.23|06:37:14] TABLE: "Comments" FOUND
[15.08.23|06:37:26] Folder: "/db" FOUND
[15.08.23|06:37:26] DATABASE: "users.db" FOUND
[15.08.23|06:37:26] TABLE: "Users" FOUND
[15.08.23|06:37:26] DATABASE: "posts.db" FOUND
[15.08.23|06:37:26] TABLE: "Posts" FOUND
[15.08.23|06:37:26] DATABASE: "comments.db" FOUND
[15.08.23|06:37:26] TABLE: "Comments" FOUND
[15.08.23|06:37:51] USER: "admin" ADDED TO DATABASE
[15.08.23|06:39:55] 1 POINTS ADDED TO "admin"
[15.08.23|06:39:55] USER: "admin" LOGGED IN
[15.08.23|06:40:00] USER: "admin" FOUND
[15.08.23|06:40:00] USER: "admin"s PAGE LOADED
[15.08.23|06:40:08] USER: "admin" LOGGED OUT
[15.08.23|06:40:20] 1 POINTS ADDED TO "admin"
[15.08.23|06:40:20] USER: "admin" LOGGED IN
[15.08.23|06:40:24] USER: "admin" FOUND
[15.08.23|06:40:24] USER: "admin"s PAGE LOADED
[15.08.23|06:40:48] USER: "admin" FOUND
[15.08.23|06:40:48] USER: "admin"s PAGE LOADED
[15.08.23|06:41:48] Folder: "/db" FOUND
[15.08.23|06:41:48] DATABASE: "users.db" FOUND
[15.08.23|06:41:48] TABLE: "Users" FOUND
[15.08.23|06:41:48] DATABASE: "posts.db" FOUND
[15.08.23|06:41:48] TABLE: "Posts" FOUND
[15.08.23|06:41:48] DATABASE: "comments.db" FOUND
[15.08.23|06:41:48] TABLE: "Comments" FOUND
[15.08.23|06:46:17] USER: "saksham" NOT FOUND
[15.08.23|06:46:28] 1 POINTS ADDED TO "admin"
[15.08.23|06:46:28] USER: "admin" LOGGED IN
[15.08.23|06:52:43] Folder: "/db" FOUND
[15.08.23|06:52:43] DATABASE: "users.db" FOUND
[15.08.23|06:52:43] TABLE: "Users" FOUND
[15.08.23|06:52:43] DATABASE: "posts.db" FOUND
[15.08.23|06:52:43] TABLE: "Posts" FOUND
[15.08.23|06:52:43] DATABASE: "comments.db" FOUND
[15.08.23|06:52:43] TABLE: "Comments" FOUND
[15.08.23|06:53:12] 1 POINTS ADDED TO "admin"
[15.08.23|06:53:12] USER: "admin" LOGGED IN
[15.08.23|06:57:59] Folder: "/db" FOUND
[15.08.23|06:57:59] DATABASE: "users.db" FOUND
[15.08.23|06:57:59] TABLE: "Users" FOUND
[15.08.23|06:57:59] DATABASE: "posts.db" FOUND
[15.08.23|06:57:59] TABLE: "Posts" FOUND
[15.08.23|06:57:59] DATABASE: "comments.db" FOUND
[15.08.23|06:57:59] TABLE: "Comments" FOUND
[15.08.23|06:58:47] 1 POINTS ADDED TO "admin"
[15.08.23|06:58:47] USER: "admin" LOGGED IN
[15.08.23|07:02:46] Folder: "/db" FOUND
[15.08.23|07:02:46] DATABASE: "users.db" FOUND
[15.08.23|07:02:46] TABLE: "Users" FOUND
[15.08.23|07:02:47] DATABASE: "posts.db" FOUND
[15.08.23|07:02:47] TABLE: "Posts" FOUND
[15.08.23|07:02:47] DATABASE: "comments.db" FOUND
[15.08.23|07:02:47] TABLE: "Comments" FOUND
